Outer loop with num cats: 1
  Outer loop init time: 0.366310
   Inner loop with alpha: 0.100000, PINV, 0.000000)
      Init time:               0.151171
      Edge loglikelihood time: 0.074750
      Sumtable time:           0.059077
      Derivative time:         0.132708
   Inner loop time:            0.417706
   Inner loop with alpha: 0.100000, PINV, 0.300000)
      Init time:               0.242170
      Edge loglikelihood time: 0.077440
      Sumtable time:           0.049034
      Derivative time:         0.137895
   Inner loop time:            0.506539
   Inner loop with alpha: 0.100000, PINV, 0.500000)
      Init time:               0.148251
      Edge loglikelihood time: 0.077544
      Sumtable time:           0.048942
      Derivative time:         0.138001
   Inner loop time:            0.412738
   Inner loop with alpha: 0.100000, PINV, 0.600000)
      Init time:               0.151191
      Edge loglikelihood time: 0.077457
      Sumtable time:           0.049193
      Derivative time:         0.137915
   Inner loop time:            0.415756
   Inner loop with alpha: 0.750000, PINV, 0.000000)
      Init time:               0.148913
      Edge loglikelihood time: 0.074724
      Sumtable time:           0.049103
      Derivative time:         0.132089
   Inner loop time:            0.404829
   Inner loop with alpha: 0.750000, PINV, 0.300000)
      Init time:               0.148216
      Edge loglikelihood time: 0.077457
      Sumtable time:           0.048998
      Derivative time:         0.137964
   Inner loop time:            0.412635
   Inner loop with alpha: 0.750000, PINV, 0.500000)
      Init time:               0.149099
      Edge loglikelihood time: 0.077508
      Sumtable time:           0.049007
      Derivative time:         0.137959
   Inner loop time:            0.413573
   Inner loop with alpha: 0.750000, PINV, 0.600000)
      Init time:               0.148451
      Edge loglikelihood time: 0.077534
      Sumtable time:           0.048980
      Derivative time:         0.137957
   Inner loop time:            0.412922
   Inner loop with alpha: 1.500000, PINV, 0.000000)
      Init time:               0.148277
      Edge loglikelihood time: 0.074820
      Sumtable time:           0.048969
      Derivative time:         0.132521
   Inner loop time:            0.404587
   Inner loop with alpha: 1.500000, PINV, 0.300000)
      Init time:               0.149416
      Edge loglikelihood time: 0.077469
      Sumtable time:           0.049001
      Derivative time:         0.137954
   Inner loop time:            0.413840
   Inner loop with alpha: 1.500000, PINV, 0.500000)
      Init time:               0.148291
      Edge loglikelihood time: 0.077513
      Sumtable time:           0.048972
      Derivative time:         0.137956
   Inner loop time:            0.412732
   Inner loop with alpha: 1.500000, PINV, 0.600000)
      Init time:               0.148464
      Edge loglikelihood time: 0.077467
      Sumtable time:           0.048997
      Derivative time:         0.137942
   Inner loop time:            0.412870
Outer loop time: 5.040785
Outer loop with num cats: 2
  Outer loop init time: 0.434542
   Inner loop with alpha: 0.100000, PINV, 0.000000)
      Init time:               0.294205
      Edge loglikelihood time: 0.114907
      Sumtable time:           0.115776
      Derivative time:         0.253347
   Inner loop time:            0.778235
   Inner loop with alpha: 0.100000, PINV, 0.300000)
      Init time:               0.449711
      Edge loglikelihood time: 0.117690
      Sumtable time:           0.097942
      Derivative time:         0.261617
   Inner loop time:            0.926960
   Inner loop with alpha: 0.100000, PINV, 0.500000)
      Init time:               0.294655
      Edge loglikelihood time: 0.117725
      Sumtable time:           0.097850
      Derivative time:         0.261594
   Inner loop time:            0.771824
   Inner loop with alpha: 0.100000, PINV, 0.600000)
      Init time:               0.294303
      Edge loglikelihood time: 0.117930
      Sumtable time:           0.097727
      Derivative time:         0.364191
   Inner loop time:            0.874151
   Inner loop with alpha: 0.750000, PINV, 0.000000)
      Init time:               0.294809
      Edge loglikelihood time: 0.115003
      Sumtable time:           0.098026
      Derivative time:         0.252799
   Inner loop time:            0.760637
   Inner loop with alpha: 0.750000, PINV, 0.300000)
      Init time:               0.297535
      Edge loglikelihood time: 0.118237
      Sumtable time:           0.098118
      Derivative time:         0.261274
   Inner loop time:            0.775164
   Inner loop with alpha: 0.750000, PINV, 0.500000)
      Init time:               0.298156
      Edge loglikelihood time: 0.117999
      Sumtable time:           0.097800
      Derivative time:         0.261721
   Inner loop time:            0.775676
   Inner loop with alpha: 0.750000, PINV, 0.600000)
      Init time:               0.296701
      Edge loglikelihood time: 0.118171
      Sumtable time:           0.097908
      Derivative time:         0.261858
   Inner loop time:            0.774638
   Inner loop with alpha: 1.500000, PINV, 0.000000)
      Init time:               0.297599
      Edge loglikelihood time: 0.114938
      Sumtable time:           0.097645
      Derivative time:         0.251321
   Inner loop time:            0.761503
   Inner loop with alpha: 1.500000, PINV, 0.300000)
      Init time:               0.298661
      Edge loglikelihood time: 0.117976
      Sumtable time:           0.097620
      Derivative time:         0.263310
   Inner loop time:            0.777567
   Inner loop with alpha: 1.500000, PINV, 0.500000)
      Init time:               0.297118
      Edge loglikelihood time: 0.117934
      Sumtable time:           0.097754
      Derivative time:         0.261628
   Inner loop time:            0.774434
   Inner loop with alpha: 1.500000, PINV, 0.600000)
      Init time:               0.298315
      Edge loglikelihood time: 0.117904
      Sumtable time:           0.097633
      Derivative time:         0.260837
   Inner loop time:            0.774689
Outer loop time: 9.525536
Outer loop with num cats: 4
  Outer loop init time: 0.820939
   Inner loop with alpha: 0.100000, PINV, 0.000000)
      Init time:               0.597995
      Edge loglikelihood time: 0.195927
      Sumtable time:           0.235648
      Derivative time:         0.494008
   Inner loop time:            1.523578
   Inner loop with alpha: 0.100000, PINV, 0.300000)
      Init time:               1.033420
      Edge loglikelihood time: 0.198529
      Sumtable time:           0.196178
      Derivative time:         0.507765
   Inner loop time:            1.935892
   Inner loop with alpha: 0.100000, PINV, 0.500000)
      Init time:               0.600542
      Edge loglikelihood time: 0.198867
      Sumtable time:           0.200520
      Derivative time:         0.611183
   Inner loop time:            1.611112
   Inner loop with alpha: 0.100000, PINV, 0.600000)
      Init time:               0.603898
      Edge loglikelihood time: 0.199322
      Sumtable time:           0.199427
      Derivative time:         0.713115
   Inner loop time:            1.715762
   Inner loop with alpha: 0.750000, PINV, 0.000000)
      Init time:               0.599690
      Edge loglikelihood time: 0.195935
      Sumtable time:           0.198493
      Derivative time:         0.496047
   Inner loop time:            1.490165
   Inner loop with alpha: 0.750000, PINV, 0.300000)
      Init time:               0.602600
      Edge loglikelihood time: 0.199621
      Sumtable time:           0.200593
      Derivative time:         0.614378
   Inner loop time:            1.617192
   Inner loop with alpha: 0.750000, PINV, 0.500000)
      Init time:               0.598555
      Edge loglikelihood time: 0.199585
      Sumtable time:           0.196758
      Derivative time:         0.615201
   Inner loop time:            1.610099
   Inner loop with alpha: 0.750000, PINV, 0.600000)
      Init time:               0.597739
      Edge loglikelihood time: 0.199662
      Sumtable time:           0.197174
      Derivative time:         0.615061
   Inner loop time:            1.609636
   Inner loop with alpha: 1.500000, PINV, 0.000000)
      Init time:               0.603186
      Edge loglikelihood time: 0.195951
      Sumtable time:           0.196103
      Derivative time:         0.495150
   Inner loop time:            1.490390
   Inner loop with alpha: 1.500000, PINV, 0.300000)
      Init time:               0.595786
      Edge loglikelihood time: 0.200120
      Sumtable time:           0.196660
      Derivative time:         0.513116
   Inner loop time:            1.505682
   Inner loop with alpha: 1.500000, PINV, 0.500000)
      Init time:               0.603199
      Edge loglikelihood time: 0.199298
      Sumtable time:           0.196129
      Derivative time:         0.510197
   Inner loop time:            1.508823
   Inner loop with alpha: 1.500000, PINV, 0.600000)
      Init time:               0.602769
      Edge loglikelihood time: 0.199450
      Sumtable time:           0.196225
      Derivative time:         0.610248
   Inner loop time:            1.608692
Outer loop time: 19.227089

Total inner loop init time: 13.233057
Total edge loglikelihood time: 9.420730
Total sumtable time: 4.199980
Total derivative time: 11.649826
Total exec time: 35.435837
