Outer loop with num cats: 1
  Outer loop init time: 0.395493
   Inner loop with alpha: 0.100000, PINV, 0.000000)
      Init time:               0.152097
      Edge loglikelihood time: 0.079066
      Sumtable time:           0.109863
      Derivative time:         0.107810
   Inner loop time:            0.448836
   Inner loop with alpha: 0.100000, PINV, 0.300000)
      Init time:               0.248307
      Edge loglikelihood time: 0.080616
      Sumtable time:           0.102261
      Derivative time:         0.111460
   Inner loop time:            0.542644
   Inner loop with alpha: 0.100000, PINV, 0.500000)
      Init time:               0.151888
      Edge loglikelihood time: 0.081179
      Sumtable time:           0.102526
      Derivative time:         0.111389
   Inner loop time:            0.446982
   Inner loop with alpha: 0.100000, PINV, 0.600000)
      Init time:               0.151920
      Edge loglikelihood time: 0.081051
      Sumtable time:           0.102874
      Derivative time:         0.111418
   Inner loop time:            0.447263
   Inner loop with alpha: 0.750000, PINV, 0.000000)
      Init time:               0.151976
      Edge loglikelihood time: 0.079078
      Sumtable time:           0.102512
      Derivative time:         0.108541
   Inner loop time:            0.442107
   Inner loop with alpha: 0.750000, PINV, 0.300000)
      Init time:               0.151747
      Edge loglikelihood time: 0.080739
      Sumtable time:           0.102407
      Derivative time:         0.111310
   Inner loop time:            0.446203
   Inner loop with alpha: 0.750000, PINV, 0.500000)
      Init time:               0.151871
      Edge loglikelihood time: 0.081188
      Sumtable time:           0.102621
      Derivative time:         0.111356
   Inner loop time:            0.447036
   Inner loop with alpha: 0.750000, PINV, 0.600000)
      Init time:               0.151998
      Edge loglikelihood time: 0.081100
      Sumtable time:           0.102469
      Derivative time:         0.111423
   Inner loop time:            0.446990
   Inner loop with alpha: 1.500000, PINV, 0.000000)
      Init time:               0.151917
      Edge loglikelihood time: 0.079013
      Sumtable time:           0.102461
      Derivative time:         0.108668
   Inner loop time:            0.442059
   Inner loop with alpha: 1.500000, PINV, 0.300000)
      Init time:               0.152141
      Edge loglikelihood time: 0.081042
      Sumtable time:           0.102591
      Derivative time:         0.111396
   Inner loop time:            0.447170
   Inner loop with alpha: 1.500000, PINV, 0.500000)
      Init time:               0.151960
      Edge loglikelihood time: 0.081201
      Sumtable time:           0.102412
      Derivative time:         0.111356
   Inner loop time:            0.446929
   Inner loop with alpha: 1.500000, PINV, 0.600000)
      Init time:               0.151885
      Edge loglikelihood time: 0.081100
      Sumtable time:           0.102600
      Derivative time:         0.111372
   Inner loop time:            0.446957
Outer loop time: 5.451229
Outer loop with num cats: 2
  Outer loop init time: 0.511017
   Inner loop with alpha: 0.100000, PINV, 0.000000)
      Init time:               0.303775
      Edge loglikelihood time: 0.118408
      Sumtable time:           0.234765
      Derivative time:         0.216382
   Inner loop time:            0.873330
   Inner loop with alpha: 0.100000, PINV, 0.300000)
      Init time:               0.490548
      Edge loglikelihood time: 0.124880
      Sumtable time:           0.222052
      Derivative time:         0.219476
   Inner loop time:            1.056956
   Inner loop with alpha: 0.100000, PINV, 0.500000)
      Init time:               0.304599
      Edge loglikelihood time: 0.125150
      Sumtable time:           0.223159
      Derivative time:         0.219483
   Inner loop time:            0.872391
   Inner loop with alpha: 0.100000, PINV, 0.600000)
      Init time:               0.304114
      Edge loglikelihood time: 0.124920
      Sumtable time:           0.221626
      Derivative time:         0.230629
   Inner loop time:            0.881289
   Inner loop with alpha: 0.750000, PINV, 0.000000)
      Init time:               0.304153
      Edge loglikelihood time: 0.119483
      Sumtable time:           0.223217
      Derivative time:         0.217276
   Inner loop time:            0.864129
   Inner loop with alpha: 0.750000, PINV, 0.300000)
      Init time:               0.304630
      Edge loglikelihood time: 0.125172
      Sumtable time:           0.221806
      Derivative time:         0.219457
   Inner loop time:            0.871065
   Inner loop with alpha: 0.750000, PINV, 0.500000)
      Init time:               0.304540
      Edge loglikelihood time: 0.125017
      Sumtable time:           0.223091
      Derivative time:         0.219683
   Inner loop time:            0.872331
   Inner loop with alpha: 0.750000, PINV, 0.600000)
      Init time:               0.304438
      Edge loglikelihood time: 0.124675
      Sumtable time:           0.221797
      Derivative time:         0.219534
   Inner loop time:            0.870444
   Inner loop with alpha: 1.500000, PINV, 0.000000)
      Init time:               0.304316
      Edge loglikelihood time: 0.119169
      Sumtable time:           0.223107
      Derivative time:         0.217284
   Inner loop time:            0.863876
   Inner loop with alpha: 1.500000, PINV, 0.300000)
      Init time:               0.304273
      Edge loglikelihood time: 0.124888
      Sumtable time:           0.220862
      Derivative time:         0.219461
   Inner loop time:            0.869484
   Inner loop with alpha: 1.500000, PINV, 0.500000)
      Init time:               0.304315
      Edge loglikelihood time: 0.124813
      Sumtable time:           0.222469
      Derivative time:         0.219822
   Inner loop time:            0.871419
   Inner loop with alpha: 1.500000, PINV, 0.600000)
      Init time:               0.304433
      Edge loglikelihood time: 0.124925
      Sumtable time:           0.221963
      Derivative time:         0.219669
   Inner loop time:            0.870990
Outer loop time: 10.637754
Outer loop with num cats: 4
  Outer loop init time: 0.981896
   Inner loop with alpha: 0.100000, PINV, 0.000000)
      Init time:               0.618476
      Edge loglikelihood time: 0.226960
      Sumtable time:           0.461575
      Derivative time:         0.433517
   Inner loop time:            1.740528
   Inner loop with alpha: 0.100000, PINV, 0.300000)
      Init time:               1.101348
      Edge loglikelihood time: 0.234072
      Sumtable time:           0.439505
      Derivative time:         0.438198
   Inner loop time:            2.213123
   Inner loop with alpha: 0.100000, PINV, 0.500000)
      Init time:               0.615042
      Edge loglikelihood time: 0.234643
      Sumtable time:           0.442460
      Derivative time:         0.449104
   Inner loop time:            1.741249
   Inner loop with alpha: 0.100000, PINV, 0.600000)
      Init time:               0.616041
      Edge loglikelihood time: 0.234385
      Sumtable time:           0.441157
      Derivative time:         0.439087
   Inner loop time:            1.730670
   Inner loop with alpha: 0.750000, PINV, 0.000000)
      Init time:               0.618488
      Edge loglikelihood time: 0.226750
      Sumtable time:           0.441250
      Derivative time:         0.434371
   Inner loop time:            1.720859
   Inner loop with alpha: 0.750000, PINV, 0.300000)
      Init time:               0.615355
      Edge loglikelihood time: 0.233800
      Sumtable time:           0.441434
      Derivative time:         0.449611
   Inner loop time:            1.740200
   Inner loop with alpha: 0.750000, PINV, 0.500000)
      Init time:               0.617820
      Edge loglikelihood time: 0.234365
      Sumtable time:           0.440015
      Derivative time:         0.449951
   Inner loop time:            1.742151
   Inner loop with alpha: 0.750000, PINV, 0.600000)
      Init time:               0.619852
      Edge loglikelihood time: 0.234216
      Sumtable time:           0.435368
      Derivative time:         0.449473
   Inner loop time:            1.738909
   Inner loop with alpha: 1.500000, PINV, 0.000000)
      Init time:               0.613351
      Edge loglikelihood time: 0.226308
      Sumtable time:           0.440788
      Derivative time:         0.434178
   Inner loop time:            1.714625
   Inner loop with alpha: 1.500000, PINV, 0.300000)
      Init time:               0.615607
      Edge loglikelihood time: 0.234161
      Sumtable time:           0.442379
      Derivative time:         0.438546
   Inner loop time:            1.730693
   Inner loop with alpha: 1.500000, PINV, 0.500000)
      Init time:               0.614167
      Edge loglikelihood time: 0.233988
      Sumtable time:           0.441399
      Derivative time:         0.438274
   Inner loop time:            1.727828
   Inner loop with alpha: 1.500000, PINV, 0.600000)
      Init time:               0.616986
      Edge loglikelihood time: 0.234074
      Sumtable time:           0.437377
      Derivative time:         0.450150
   Inner loop time:            1.738587
Outer loop time: 21.279476
Total exec time: 39.280502
